<?xml version="1.0" encoding="UTF-8"?>
<testsuites name="Mocha Tests" time="6.121" tests="2" failures="0">
  <testsuite name="Root Suite" timestamp="2025-11-18T15:45:45" tests="0" file="cypress\e2e\logi1.cy.js" time="0.000" failures="0">
  </testsuite>
  <testsuite name="fonctionnalité d&apos;authentification" timestamp="2025-11-18T15:45:45" tests="2" time="6.120" failures="0">
    <testcase name="fonctionnalité d&apos;authentification login with valid credentials" time="2.376" classname="login with valid credentials">
    </testcase>
    <testcase name="fonctionnalité d&apos;authentification login with invalid credentials" time="0.898" classname="login with invalid credentials">
    </testcase>
  </testsuite>
</testsuites>